2017-04-30 13:10:32.581648 (33244) main____ INFO    ----------------------------------------
2017-04-30 13:10:32.582008 (33244) main____ INFO    JasperGold version info
2017-04-30 13:10:32.582034 (33244) main____ INFO      tool      : JasperGold 2015.09
2017-04-30 13:10:32.582054 (33244) main____ INFO      version   : 2015.09 FCS 64 bits
2017-04-30 13:10:32.582070 (33244) main____ INFO      build date: 2015.09.29 22:07:28 PDT
2017-04-30 13:10:32.582081 (33244) main____ INFO    ----------------------------------------
2017-04-30 13:10:32.582091 (33244) main____ INFO    Runtime info:
2017-04-30 13:10:32.582106 (33244) main____ INFO      platform  : Linux 2.6.32-642.11.1.el6.x86_64 x86_64
2017-04-30 13:10:32.582122 (33244) main____ INFO      hostname  : luigi
2017-04-30 13:10:32.582134 (33244) main____ INFO      pid       : 33244
2017-04-30 13:10:32.582147 (33244) main____ INFO      arguments : '-style' 'windows'
2017-04-30 13:10:32.582157 (33244) main____ INFO    ----------------------------------------
2017-04-30 13:10:32.585069 (33244) lic__man INFO    Claim 'main' for <ui>.
2017-04-30 13:10:32.596883 (33244) lic_core INFO    (1) checking out 'jasper_interactive' ...
2017-04-30 13:10:32.625345 (33244) lic_core INFO    ... (1) checkout succeeded
2017-04-30 13:10:32.639496 (33244) lic__man INFO    Claim 'fpv' for <ui>.
2017-04-30 13:10:32.639547 (33244) lic_core INFO    (2) checking out 'jasper_fpv' ...
2017-04-30 13:10:32.675452 (33244) lic_core INFO    ... (2) checkout succeeded
2017-04-30 13:10:35.114022 (33244) lic__man INFO    Claim 'fpv' for <ui>.
2017-04-30 13:10:35.414025 (33244) lic__man INFO    Unclaim 'fpv' for <ui>.
2017-04-30 13:10:35.414135 (33244) lic__man INFO    Claim 'fpv' for <ui>.
2017-04-30 13:10:35.458472 (33244) session_ INFO    Starting analysis session with session id 'session_0' ...
2017-04-30 13:10:35.464343 (33244) session_ INFO    Analysis session with session id 'session_0' started (pid: 33349)
2017-04-30 13:10:49.989301 (33244) session_ INFO    Analysis session 'session_0' connected to the console (host: 146.6.221.76:52154)
2017-04-30 13:19:49.510288 (33244) main____ INFO    About to exit: requested from GUI
2017-04-30 13:19:49.822684 (33244) main____ INFO    Exiting.
