2017-05-01 21:54:06.190711 (15909) main____ INFO    ----------------------------------------
2017-05-01 21:54:06.191038 (15909) main____ INFO    JasperGold version info
2017-05-01 21:54:06.191063 (15909) main____ INFO      tool      : JasperGold 2015.09
2017-05-01 21:54:06.191086 (15909) main____ INFO      version   : 2015.09 FCS 64 bits
2017-05-01 21:54:06.191102 (15909) main____ INFO      build date: 2015.09.29 22:07:28 PDT
2017-05-01 21:54:06.191113 (15909) main____ INFO    ----------------------------------------
2017-05-01 21:54:06.191124 (15909) main____ INFO    Runtime info:
2017-05-01 21:54:06.191138 (15909) main____ INFO      platform  : Linux 2.6.32-642.11.1.el6.x86_64 x86_64
2017-05-01 21:54:06.191154 (15909) main____ INFO      hostname  : luigi
2017-05-01 21:54:06.191166 (15909) main____ INFO      pid       : 15909
2017-05-01 21:54:06.191178 (15909) main____ INFO      arguments : '-style' 'windows'
2017-05-01 21:54:06.191189 (15909) main____ INFO    ----------------------------------------
2017-05-01 21:54:06.194637 (15909) lic__man INFO    Claim 'main' for <ui>.
2017-05-01 21:54:06.199461 (15909) lic_core INFO    (1) checking out 'jasper_interactive' ...
2017-05-01 21:54:06.230235 (15909) lic_core INFO    ... (1) checkout succeeded
2017-05-01 21:54:06.230371 (15909) lic__man INFO    Claim 'fpv' for <ui>.
2017-05-01 21:54:06.230417 (15909) lic_core INFO    (2) checking out 'jasper_fpv' ...
2017-05-01 21:54:06.286664 (15909) lic_core INFO    ... (2) checkout succeeded
2017-05-01 21:54:08.038739 (15909) lic__man INFO    Claim 'fpv' for <ui>.
2017-05-01 21:54:08.243545 (15909) lic__man INFO    Unclaim 'fpv' for <ui>.
2017-05-01 21:54:08.243646 (15909) lic__man INFO    Claim 'fpv' for <ui>.
2017-05-01 21:54:08.285560 (15909) session_ INFO    Starting analysis session with session id 'session_0' ...
2017-05-01 21:54:08.291221 (15909) session_ INFO    Analysis session with session id 'session_0' started (pid: 15961)
2017-05-01 21:54:31.261850 (15909) session_ INFO    Analysis session 'session_0' connected to the console (host: 146.6.221.76:47356)
